[2018-08-05 21:37:33]--[./src_cgi/md5_cgi.c:182]--文件uid:
[2018-08-05 21:37:35]--[./src_cgi/upload_cgi.c:228]--file_id:group1/M00/00/00/wKg6hVtm_Z-ARlTMAAAkUTr81ms93008.h
[2018-08-05 21:37:35]--[./common/util_cgi.c:381]--进入Compute_file_md5函数
[2018-08-05 21:37:35]--[./common/util_cgi.c:399]-- 001 info md5:(null)
[2018-08-05 21:37:38]--[./src_cgi/md5_cgi.c:182]--文件uid:
[2018-08-05 21:38:13]--[./src_cgi/md5_cgi.c:182]--文件uid:
[2018-08-05 21:38:14]--[./src_cgi/upload_cgi.c:228]--file_id:group1/M00/00/00/wKg6hVtm_caAW6X1AAA9PT3gXZ410625.h
[2018-08-05 21:38:14]--[./common/util_cgi.c:381]--进入Compute_file_md5函数
[2018-08-05 21:38:14]--[./common/util_cgi.c:399]-- 001 info md5:(null)
[2018-08-05 21:41:30]--[./src_cgi/md5_cgi.c:182]--文件uid:
[2018-08-05 21:41:30]--[./src_cgi/upload_cgi.c:228]--file_id:group1/M00/00/00/wKg6hVtm_oqAd6pbAAA9PT3gXZ477332.h
[2018-08-05 21:41:30]--[./common/util_cgi.c:381]--进入Compute_file_md5函数
[2018-08-05 21:42:47]--[./src_cgi/md5_cgi.c:182]--文件uid:
[2018-08-05 21:42:47]--[./src_cgi/upload_cgi.c:228]--file_id:group1/M00/00/00/wKg6hVtm_teASfacAAA9PT3gXZ487697.h
[2018-08-05 21:42:47]--[./common/util_cgi.c:381]--进入Compute_file_md5函数
[2018-08-05 21:42:47]--[./common/util_cgi.c:382]-- Compute_file_md5 file_path:/tmp/ui_mainwindow.h
[2018-08-05 21:42:47]--[./common/util_cgi.c:400]-- Compute_file_md5 file_path:/tmp/ui_mainwindow.h
[2018-08-05 21:43:20]--[./src_cgi/md5_cgi.c:182]--文件uid:
[2018-08-05 21:43:30]--[./src_cgi/md5_cgi.c:182]--文件uid:
[2018-08-05 21:47:19]--[./src_cgi/md5_cgi.c:182]--文件uid:
[2018-08-05 21:47:20]--[./src_cgi/upload_cgi.c:228]--file_id:group1/M00/00/00/wKg6hVtm_-iAQAtnAAA9PT3gXZ494771.h
[2018-08-05 21:47:20]--[./common/util_cgi.c:457]--info file_md5c02114beb9f8cb1ae35b0bfe89ff0b1e
[2018-08-05 21:47:29]--[./src_cgi/md5_cgi.c:182]--文件uid:1
[2018-08-05 21:47:29]--[./src_cgi/md5_cgi.c:130]--file_md5!!:"c02114beb9f8cb1ae35b0bfe89ff0b1e"
[2018-08-05 21:47:29]--[./common/util_cgi.c:457]--info file_md5"c02114beb9f8cb1ae35b0bfe89ff0b1e"
[2018-08-05 21:47:29]--[./common/deal_mysql.c:178]--ERROR:INSERT INTO user_file_list VALUES(NULL,1,(SELECT file_info.file_id FROM file_info where md5='"c02114beb9f8cb1ae35b0bfe89ff0b1e"' limit 1),'"ui_mainwindow.h"',NOW(),0,0)
[2018-08-05 21:47:29]--[./src_cgi/md5_cgi.c:137]--插入数据库失败
[2018-08-05 21:48:44]--[./src_cgi/md5_cgi.c:182]--文件uid:1
[2018-08-05 21:48:44]--[./src_cgi/md5_cgi.c:130]--file_md5!!:"c02114beb9f8cb1ae35b0bfe89ff0b1e"
[2018-08-05 21:48:44]--[./common/util_cgi.c:457]--info file_md5"c02114beb9f8cb1ae35b0bfe89ff0b1e"
[2018-08-05 21:48:44]--[./common/deal_mysql.c:178]--ERROR:INSERT INTO user_file_list VALUES(NULL,1,(SELECT file_info.file_id FROM file_info where md5='"c02114beb9f8cb1ae35b0bfe89ff0b1e"' limit 1),'"ui_mainwindow.h"',NOW(),0,0)
[2018-08-05 21:48:44]--[./src_cgi/md5_cgi.c:137]--插入数据库失败
[2018-08-05 21:53:38]--[./src_cgi/md5_cgi.c:182]--文件uid:1
[2018-08-05 21:53:38]--[./src_cgi/md5_cgi.c:130]--file_md5!!:"c02114beb9f8cb1ae35b0bfe89ff0b1e"
[2018-08-05 21:53:38]--[./common/util_cgi.c:457]--info file_md5"c02114beb9f8cb1ae35b0bfe89ff0b1e"
[2018-08-05 21:53:38]--[./common/deal_mysql.c:178]--ERROR:INSERT INTO user_file_list VALUES(NULL,1,(SELECT file_info.file_id FROM file_info where md5='"c02114beb9f8cb1ae35b0bfe89ff0b1e"' limit 1),'"ui_mainwindow.h"',NOW(),0,0)
[2018-08-05 21:53:38]--[./src_cgi/md5_cgi.c:137]--插入数据库失败
[2018-08-05 21:55:15]--[./src_cgi/md5_cgi.c:182]--文件uid:1
[2018-08-05 21:55:15]--[./src_cgi/md5_cgi.c:130]--file_md5!!:"c02114beb9f8cb1ae35b0bfe89ff0b1e"
[2018-08-05 21:55:15]--[./common/util_cgi.c:457]--info file_md5"c02114beb9f8cb1ae35b0bfe89ff0b1e"
[2018-08-05 21:55:15]--[./common/deal_mysql.c:178]--ERROR:INSERT INTO user_file_list VALUES(NULL,1,(SELECT file_info.file_id FROM file_info where md5='"c02114beb9f8cb1ae35b0bfe89ff0b1e"' limit 1),'"ui_mainwindow.h"',NOW(),0,0)
[2018-08-05 21:55:15]--[./src_cgi/md5_cgi.c:137]--插入数据库失败
[2018-08-05 21:55:28]--[./src_cgi/md5_cgi.c:182]--文件uid:1
[2018-08-05 21:55:28]--[./src_cgi/md5_cgi.c:130]--file_md5!!:"c02114beb9f8cb1ae35b0bfe89ff0b1e"
[2018-08-05 21:55:28]--[./common/util_cgi.c:457]--info file_md5"c02114beb9f8cb1ae35b0bfe89ff0b1e"
[2018-08-05 21:55:28]--[./common/deal_mysql.c:178]--ERROR:INSERT INTO user_file_list VALUES(NULL,1,(SELECT file_info.file_id FROM file_info where md5='"c02114beb9f8cb1ae35b0bfe89ff0b1e"' limit 1),'"ui_mainwindow.h"',NOW(),0,0)
[2018-08-05 21:55:28]--[./src_cgi/md5_cgi.c:137]--插入数据库失败
[2018-08-05 21:56:36]--[./src_cgi/md5_cgi.c:182]--文件uid:1
[2018-08-05 21:56:36]--[./src_cgi/md5_cgi.c:130]--file_md5!!:"c02114beb9f8cb1ae35b0bfe89ff0b1e"
[2018-08-05 21:56:36]--[./common/util_cgi.c:457]--info file_md5"c02114beb9f8cb1ae35b0bfe89ff0b1e"
[2018-08-05 21:56:36]--[./common/deal_mysql.c:178]--ERROR:INSERT INTO user_file_list VALUES(NULL,1,(SELECT file_info.file_id FROM file_info where md5='"c02114beb9f8cb1ae35b0bfe89ff0b1e"' limit 1),'"ui_mainwindow.h"',NOW(),0,0)
[2018-08-05 21:56:36]--[./src_cgi/md5_cgi.c:137]--插入数据库失败
[2018-08-05 21:57:36]--[./src_cgi/md5_cgi.c:182]--文件uid:1
[2018-08-05 21:57:36]--[./src_cgi/md5_cgi.c:130]--file_md5!!:"c02114beb9f8cb1ae35b0bfe89ff0b1e"
[2018-08-05 21:57:36]--[./common/util_cgi.c:457]--info file_md5"c02114beb9f8cb1ae35b0bfe89ff0b1e"
[2018-08-05 21:57:36]--[./common/deal_mysql.c:178]--ERROR:INSERT INTO user_file_list VALUES(NULL,1,(SELECT file_info.file_id FROM file_info where md5='"c02114beb9f8cb1ae35b0bfe89ff0b1e"' limit 1),'"ui_mainwindow.h"',NOW(),0,0)
[2018-08-05 21:57:36]--[./src_cgi/md5_cgi.c:137]--插入数据库失败
[2018-08-05 21:57:50]--[./src_cgi/md5_cgi.c:182]--文件uid:
[2018-08-05 21:57:51]--[./src_cgi/upload_cgi.c:228]--file_id:group1/M00/00/00/wKg6hVtnAl-AAbsdAAFxU28uH7Y2.Debug
[2018-08-05 21:57:51]--[./common/util_cgi.c:457]--info file_md54729be54c06aad92e19c502ef5e200af
[2018-08-05 21:58:55]--[./src_cgi/md5_cgi.c:182]--文件uid:
[2018-08-05 21:58:55]--[./src_cgi/upload_cgi.c:228]--file_id:group1/M00/00/00/wKg6hVtnAp-AKmRnAAA9PT3gXZ483861.h
[2018-08-05 21:58:55]--[./common/util_cgi.c:457]--info file_md5c02114beb9f8cb1ae35b0bfe89ff0b1e
[2018-08-05 21:59:13]--[./src_cgi/md5_cgi.c:182]--文件uid:1
[2018-08-05 21:59:13]--[./src_cgi/md5_cgi.c:130]--file_md5!!:"c02114beb9f8cb1ae35b0bfe89ff0b1e"
[2018-08-05 21:59:13]--[./common/util_cgi.c:457]--info file_md5"c02114beb9f8cb1ae35b0bfe89ff0b1e"
[2018-08-05 21:59:13]--[./common/deal_mysql.c:178]--ERROR:INSERT INTO user_file_list VALUES(NULL,1,(SELECT file_info.file_id FROM file_info where md5='"c02114beb9f8cb1ae35b0bfe89ff0b1e"' limit 1),'"ui_mainwindow.h"',NOW(),0,0)
[2018-08-05 21:59:13]--[./src_cgi/md5_cgi.c:137]--插入数据库失败
[2018-08-05 21:59:22]--[./src_cgi/md5_cgi.c:182]--文件uid:1
[2018-08-05 21:59:22]--[./src_cgi/md5_cgi.c:130]--file_md5!!:"c02114beb9f8cb1ae35b0bfe89ff0b1e"
[2018-08-05 21:59:22]--[./common/util_cgi.c:457]--info file_md5"c02114beb9f8cb1ae35b0bfe89ff0b1e"
[2018-08-05 21:59:22]--[./common/deal_mysql.c:178]--ERROR:INSERT INTO user_file_list VALUES(NULL,1,(SELECT file_info.file_id FROM file_info where md5='"c02114beb9f8cb1ae35b0bfe89ff0b1e"' limit 1),'"ui_mainwindow.h"',NOW(),0,0)
[2018-08-05 21:59:22]--[./src_cgi/md5_cgi.c:137]--插入数据库失败
[2018-08-05 21:59:49]--[./src_cgi/md5_cgi.c:182]--文件uid:1
[2018-08-05 21:59:49]--[./src_cgi/md5_cgi.c:130]--file_md5!!:"c02114beb9f8cb1ae35b0bfe89ff0b1e"
[2018-08-05 21:59:49]--[./common/util_cgi.c:457]--info file_md5"c02114beb9f8cb1ae35b0bfe89ff0b1e"
[2018-08-05 21:59:49]--[./common/deal_mysql.c:178]--ERROR:INSERT INTO user_file_list VALUES(NULL,1,(SELECT file_info.file_id FROM file_info where md5='"c02114beb9f8cb1ae35b0bfe89ff0b1e"' limit 1),'"ui_mainwindow.h"',NOW(),0,0)
[2018-08-05 21:59:49]--[./src_cgi/md5_cgi.c:137]--插入数据库失败
[2018-08-05 22:01:04]--[./src_cgi/md5_cgi.c:182]--文件uid:1
[2018-08-05 22:01:04]--[./src_cgi/md5_cgi.c:130]--file_md5!!:"c02114beb9f8cb1ae35b0bfe89ff0b1e"
[2018-08-05 22:01:04]--[./common/util_cgi.c:457]--info file_md5"c02114beb9f8cb1ae35b0bfe89ff0b1e"
[2018-08-05 22:01:04]--[./common/deal_mysql.c:178]--ERROR:INSERT INTO user_file_list VALUES(NULL,1,(SELECT file_info.file_id FROM file_info where md5='"c02114beb9f8cb1ae35b0bfe89ff0b1e"' limit 1),'"ui_mainwindow.h"',NOW(),0,0)
[2018-08-05 22:01:04]--[./src_cgi/md5_cgi.c:137]--插入数据库失败
[2018-08-05 22:01:41]--[./src_cgi/md5_cgi.c:182]--文件uid:1
[2018-08-05 22:01:41]--[./src_cgi/md5_cgi.c:130]--file_md5!!:"c02114beb9f8cb1ae35b0bfe89ff0b1e"
[2018-08-05 22:01:41]--[./common/util_cgi.c:457]--info file_md5"c02114beb9f8cb1ae35b0bfe89ff0b1e"
[2018-08-05 22:01:41]--[./common/deal_mysql.c:178]--ERROR:INSERT INTO user_file_list VALUES(NULL,1,(SELECT file_info.file_id FROM file_info where md5='"c02114beb9f8cb1ae35b0bfe89ff0b1e"' limit 1),'"ui_mainwindow.h"',NOW(),0,0)
[2018-08-05 22:01:41]--[./src_cgi/md5_cgi.c:137]--插入数据库失败
[2018-08-05 22:03:43]--[./src_cgi/md5_cgi.c:182]--文件uid:1
[2018-08-05 22:03:43]--[./src_cgi/md5_cgi.c:130]--file_md5:"c02114beb9f8cb1ae35b0bfe89ff0b1e" md5:"c02114beb9f8cb1ae35b0bfe89ff0b1e"
[2018-08-05 22:03:43]--[./common/util_cgi.c:457]--info file_md5"c02114beb9f8cb1ae35b0bfe89ff0b1e"
[2018-08-05 22:03:43]--[./common/deal_mysql.c:178]--ERROR:INSERT INTO user_file_list VALUES(NULL,1,(SELECT file_info.file_id FROM file_info where md5='"c02114beb9f8cb1ae35b0bfe89ff0b1e"' limit 1),'"ui_mainwindow.h"',NOW(),0,0)
[2018-08-05 22:03:43]--[./src_cgi/md5_cgi.c:137]--插入数据库失败
[2018-08-05 22:04:58]--[./src_cgi/md5_cgi.c:184]--文件uid:1
[2018-08-05 22:04:58]--[./src_cgi/md5_cgi.c:130]--单独的字:"
[2018-08-05 22:04:58]--[./src_cgi/md5_cgi.c:132]--file_md5:"c02114beb9f8cb1ae35b0bfe89ff0b1e" md5:"c02114beb9f8cb1ae35b0bfe89ff0b1e"
[2018-08-05 22:04:58]--[./common/util_cgi.c:457]--info file_md5"c02114beb9f8cb1ae35b0bfe89ff0b1e"
[2018-08-05 22:04:58]--[./common/deal_mysql.c:178]--ERROR:INSERT INTO user_file_list VALUES(NULL,1,(SELECT file_info.file_id FROM file_info where md5='"c02114beb9f8cb1ae35b0bfe89ff0b1e"' limit 1),'"ui_mainwindow.h"',NOW(),0,0)
[2018-08-05 22:04:58]--[./src_cgi/md5_cgi.c:139]--插入数据库失败
[2018-08-05 22:08:06]--[./src_cgi/md5_cgi.c:184]--文件uid:1
[2018-08-05 22:08:06]--[./src_cgi/md5_cgi.c:132]--file_md5:c02114beb9f8cb1ae35b0bfe89ff0b1e md5:"c02114beb9f8cb1ae35b0bfe89ff0b1e"
[2018-08-05 22:08:06]--[./common/util_cgi.c:457]--info file_md5c02114beb9f8cb1ae35b0bfe89ff0b1e
[2018-08-05 22:08:24]--[./src_cgi/md5_cgi.c:184]--文件uid:1
[2018-08-05 22:08:24]--[./src_cgi/md5_cgi.c:132]--file_md5:c02114beb9f8cb1ae35b0bfe89ff0b1e md5:"c02114beb9f8cb1ae35b0bfe89ff0b1e"
[2018-08-05 22:08:24]--[./common/util_cgi.c:457]--info file_md5c02114beb9f8cb1ae35b0bfe89ff0b1e
[2018-08-05 22:08:24]--[./common/deal_mysql.c:178]--ERROR:INSERT INTO user_file_list VALUES(NULL,1,(SELECT file_info.file_id FROM file_info where md5='c02114beb9f8cb1ae35b0bfe89ff0b1e' limit 1),'"ui_mainwindow.h"',NOW(),0,0)
[2018-08-05 22:08:24]--[./src_cgi/md5_cgi.c:139]--插入数据库失败
[2018-08-05 22:11:26]--[./src_cgi/md5_cgi.c:190]--文件uid:1
[2018-08-05 22:12:29]--[./src_cgi/md5_cgi.c:190]--文件uid:
[2018-08-05 22:12:30]--[./src_cgi/upload_cgi.c:228]--file_id:group1/M00/00/00/wKg6hVtnBc6AeNMSAAA9PT3gXZ412500.h
[2018-08-05 22:12:30]--[./common/util_cgi.c:457]--info file_md5c02114beb9f8cb1ae35b0bfe89ff0b1e
[2018-08-05 22:12:41]--[./src_cgi/md5_cgi.c:190]--文件uid:1
[2018-08-05 22:13:19]--[./src_cgi/md5_cgi.c:190]--文件uid:1
[2018-08-05 22:13:56]--[./src_cgi/md5_cgi.c:190]--文件uid:1
